<?xml version="1.0" encoding="UTF-8"?>
<testsuite xmlns:xsi="http://www.w3.org/2001/XMLSchema-instance" xsi:noNamespaceSchemaLocation="https://maven.apache.org/surefire/maven-surefire-plugin/xsd/surefire-test-report.xsd" name="br.com.infnet.ConversorTest" time="0.002" tests="4" errors="0" skipped="0" failures="0">
  <properties>
[...]
</properties>
  <testcase name="testaKelvinParaFahrenheit" classname="br.com.infnet.ConversorTest" time="0"/>
  <testcase name="testaCelciusParaFahrenheit" classname="br.com.infnet.ConversorTest" time="0"/>
  <testcase name="testaCelciusPraKelvin" classname="br.com.infnet.ConversorTest" time="0"/>
  <testcase name="testaKelvinParaCelcius" classname="br.com.infnet.ConversorTest" time="0"/>
</testsuite>